<?xml version="1.0" encoding="UTF-8"?>
<!-- Generated by org.testng.reporters.JUnitXMLReporter -->
<testsuite ignored="0" hostname="DESKTOP-R3AQQ5G" failures="0" tests="6" name="Default test" time="34.719" errors="0" timestamp="2025-06-23T15:11:26 GST">
  <testcase classname="CRUDHerokuBooking.CRUDOperationsHerokuApp" name="createBookingsTest" time="1.592"/>
  <testcase classname="CRUDHerokuBooking.CRUDOperationsHerokuApp" name="deleteBookingIdTest" time="4.8"/>
  <testcase classname="CRUDHerokuBooking.CRUDOperationsHerokuApp" name="getAllBookingsTest" time="1.547"/>
  <testcase classname="CRUDHerokuBooking.CRUDOperationsHerokuApp" name="getBookingIdTest" time="3.201"/>
  <testcase classname="CRUDHerokuBooking.CRUDOperationsHerokuApp" name="updateBookingIdTest" time="4.899"/>
  <testcase classname="CRUDHerokuBooking.CRUDOperationsHerokuApp" name="updateBookingIdTestWithPartialData" time="4.814"/>
</testsuite> <!-- Default test -->
