<?xml version="1.0" encoding="UTF-8"?>
<!-- Generated by org.testng.reporters.JUnitXMLReporter -->
<testsuite ignored="1" hostname="DESKTOP-R3AQQ5G" failures="0" tests="1" name="Default test" time="3.473" errors="0" timestamp="2025-06-24T16:09:16 GST">
  <testcase classname="LombokBuilder_POJO.fakeUserApiLombok" name="createUserUsingBuilder" time="3.437"/>
  <testcase classname="LombokBuilder_POJO.fakeUserApiLombok" name="createUser" time="0.0">
    <ignored/>
  </testcase> <!-- createUser -->
</testsuite> <!-- Default test -->
