<?xml version="1.0" encoding="UTF-8"?>
<testng-results ignored="1" total="2" passed="1" failed="0" skipped="0">
  <reporter-output>
  </reporter-output>
  <suite started-at="2025-06-24T16:09:12 GST" name="Default suite" finished-at="2025-06-24T16:09:16 GST" duration-ms="3473">
    <groups>
    </groups>
    <test started-at="2025-06-24T16:09:12 GST" name="Default test" finished-at="2025-06-24T16:09:16 GST" duration-ms="3473">
      <class name="LombokBuilder_POJO.fakeUserApiLombok">
        <test-method signature="createUserUsingBuilder()[pri:0, instance:LombokBuilder_POJO.fakeUserApiLombok@72967906]" started-at="2025-06-24T16:09:12 GST" name="createUserUsingBuilder" finished-at="2025-06-24T16:09:16 GST" duration-ms="3437" status="PASS">
          <reporter-output>
          </reporter-output>
        </test-method> <!-- createUserUsingBuilder -->
      </class> <!-- LombokBuilder_POJO.fakeUserApiLombok -->
    </test> <!-- Default test -->
  </suite> <!-- Default suite -->
</testng-results>
